AIS/app/build/outputs/logs/manifest-merger-debug-report.txt
-- Merging decision tree log ---
manifest
ADDED from src/main/AndroidManifest.xml:2:1-989:12
	package
		ADDED from src/main/AndroidManifest.xml:3:5-38
		INJECTED from src/main/AndroidManifest.xml
		INJECTED from src/main/AndroidManifest.xml
	android:versionName
		ADDED from src/main/AndroidManifest.xml:5:5-32
		INJECTED from src/main/AndroidManifest.xml
		INJECTED from src/main/AndroidManifest.xml
	android:versionCode
		ADDED from src/main/AndroidManifest.xml:4:5-29
		INJECTED from src/main/AndroidManifest.xml
		INJECTED from src/main/AndroidManifest.xml
	xmlns:android
		ADDED from src/main/AndroidManifest.xml:2:11-69
uses-sdk
ADDED from src/main/AndroidManifest.xml:7:5-9:41
MERGED from [de.hdodenhof:circleimageview:1.2.1] AndroidManifest.xml:5:5-7:41
MERGED from [com.google.android.gms:play-services-fitness:7.3.0] AndroidManifest.xml:18:5-42
MERGED from [com.google.android.gms:play-services-location:7.3.0] AndroidManifest.xml:18:5-42
MERGED from [com.google.android.gms:play-services-maps:7.3.0] AndroidManifest.xml:18:5-42
MERGED from [com.google.android.gms:play-services-wearable:7.3.0] AndroidManifest.xml:18:5-42
MERGED from [com.google.android.gms:play-services-gcm:7.3.0] AndroidManifest.xml:18:5-42
MERGED from [com.google.android.gms:play-services-base:7.3.0] AndroidManifest.xml:18:5-42
MERGED from [AIS:payUMoneysdk:unspecified] AndroidManifest.xml:7:5-9:41
MERGED from [de.keyboardsurfer.android.widget:crouton:1.8.5] AndroidManifest.xml:22:5-24:41
MERGED from [com.android.support:cardview-v7:23.1.1] AndroidManifest.xml:20:5-43
MERGED from [com.payu.custombrowser:payu-custom-browser:5.3.6] AndroidManifest.xml:7:5-9:41
MERGED from [com.payu.magicretry:magicretry:1.0.3] AndroidManifest.xml:7:5-9:41
MERGED from [com.mixpanel.android:mixpanel-android:4.6.4] AndroidManifest.xml:11:5-14:42
MERGED from [com.crashlytics.sdk.android:crashlytics:2.5.6] AndroidManifest.xml:7:5-43
MERGED from [com.crashlytics.sdk.android:crashlytics-core:2.3.9] AndroidManifest.xml:7:5-43
MERGED from [com.crashlytics.sdk.android:answers:1.3.7] AndroidManifest.xml:7:5-43
MERGED from [com.crashlytics.sdk.android:beta:1.1.5] AndroidManifest.xml:7:5-43
MERGED from [io.fabric.sdk.android:fabric:1.3.11] AndroidManifest.xml:23:5-43
MERGED from [me.leolin:ShortcutBadger:1.1.4] AndroidManifest.xml:7:5-9:41
MERGED from [com.android.support:design:25.1.0] AndroidManifest.xml:21:5-23:62
MERGED from [com.android.support:appcompat-v7:25.1.0] AndroidManifest.xml:21:5-23:78
MERGED from [com.android.support:animated-vector-drawable:25.1.0] AndroidManifest.xml:20:5-44
MERGED from [com.android.support:support-vector-drawable:25.1.0] AndroidManifest.xml:21:5-43
MERGED from [com.android.support:transition:25.1.0] AndroidManifest.xml:20:5-44
MERGED from [com.android.support:support-v4:25.1.0] AndroidManifest.xml:21:5-23:54
MERGED from [com.android.support:support-fragment:25.1.0] AndroidManifest.xml:21:5-23:60
MERGED from [com.android.support:support-media-compat:25.1.0] AndroidManifest.xml:21:5-23:63
MERGED from [com.android.support:support-core-utils:25.1.0] AndroidManifest.xml:21:5-23:61
MERGED from [com.android.support:multidex:1.0.1] AndroidManifest.xml:18:5-42
MERGED from [com.android.support:recyclerview-v7:25.1.0] AndroidManifest.xml:20:5-43
MERGED from [com.android.support:support-core-ui:25.1.0] AndroidManifest.xml:21:5-23:58
MERGED from [com.android.support:support-compat:25.1.0] AndroidManifest.xml:21:5-23:58
	tools:overrideLibrary
		ADDED from [com.android.support:design:25.1.0] AndroidManifest.xml:23:9-59
	android:targetSdkVersion
		ADDED from src/main/AndroidManifest.xml:9:9-38
		INJECTED from src/main/AndroidManifest.xml
		INJECTED from src/main/AndroidManifest.xml
	tools:ignore
		ADDED from [com.mixpanel.android:mixpanel-android:4.6.4] AndroidManifest.xml:14:9-39
	android:minSdkVersion
		ADDED from src/main/AndroidManifest.xml:8:9-35
		INJECTED from src/main/AndroidManifest.xml
		INJECTED from src/main/AndroidManifest.xml
uses-permission#android.permission.WRITE_EXTERNAL_STORAGE
ADDED from src/main/AndroidManifest.xml:11:5-81
	android:name
		ADDED from src/main/AndroidManifest.xml:11:22-78
uses-permission#android.permission.ACCESS_FINE_LOCATION
ADDED from src/main/AndroidManifest.xml:12:5-78
	android:name
		ADDED from src/main/AndroidManifest.xml:12:22-76
uses-permission#android.permission.GET_ACCOUNTS
ADDED from src/main/AndroidManifest.xml:14:5-71
MERGED from [AIS:payUMoneysdk:unspecified] AndroidManifest.xml:14:5-71
	android:name
		ADDED from src/main/AndroidManifest.xml:14:22-68
uses-permission#android.permission.WAKE_LOCK
ADDED from src/main/AndroidManifest.xml:17:5-68
	android:name
		ADDED from src/main/AndroidManifest.xml:17:22-65
uses-permission#com.knwedu.comschoolapp.permission.C2D_MESSAGE
ADDED from src/main/AndroidManifest.xml:26:5-86
	android:name
		ADDED from src/main/AndroidManifest.xml:26:22-83
uses-permission#com.google.android.c2dm.permission.RECEIVE
ADDED from src/main/AndroidManifest.xml:30:5-82
	android:name
		ADDED from src/main/AndroidManifest.xml:30:22-79
receiver#com.google.android.gcm.GCMBroadcastReceiver
ADDED from src/main/AndroidManifest.xml:33:5-45:16
	android:permission
		ADDED from src/main/AndroidManifest.xml:35:9-69
	android:name
		ADDED from src/main/AndroidManifest.xml:34:9-67
intent-filter#com.google.android.c2dm.intent.RECEIVE+com.google.android.c2dm.intent.REGISTRATION
ADDED from src/main/AndroidManifest.xml:36:9-44:25
action#com.google.android.c2dm.intent.RECEIVE
ADDED from src/main/AndroidManifest.xml:39:13-77
	android:name
		ADDED from src/main/AndroidManifest.xml:39:21-74
action#com.google.android.c2dm.intent.REGISTRATION
ADDED from src/main/AndroidManifest.xml:41:13-82
	android:name
		ADDED from src/main/AndroidManifest.xml:41:21-79
service#com.knwedu.comschoolapp.GCMIntentService
ADDED from src/main/AndroidManifest.xml:47:5-49
	android:name
		ADDED from src/main/AndroidManifest.xml:47:14-46
uses-permission#android.permission.VIBRATE
ADDED from src/main/AndroidManifest.xml:51:5-66
	android:name
		ADDED from src/main/AndroidManifest.xml:51:22-63
uses-permission#android.permission.ACCESS_NETWORK_STATE
ADDED from src/main/AndroidManifest.xml:52:5-79
MERGED from [AIS:payUMoneysdk:unspecified] AndroidManifest.xml:11:5-79
MERGED from [com.payu.custombrowser:payu-custom-browser:5.3.6] AndroidManifest.xml:11:5-79
	android:name
		ADDED from src/main/AndroidManifest.xml:52:22-76
uses-permission#android.permission.ACCESS_COARSE_LOCATION
ADDED from src/main/AndroidManifest.xml:53:5-81
	android:name
		ADDED from src/main/AndroidManifest.xml:53:22-78
uses-permission#android.permission.ACCESS_WIFI_STATE
ADDED from src/main/AndroidManifest.xml:55:5-76
MERGED from [AIS:payUMoneysdk:unspecified] AndroidManifest.xml:12:5-76
	android:name
		ADDED from src/main/AndroidManifest.xml:55:22-73
uses-permission#android.permission.CHANGE_WIFI_STATE
ADDED from src/main/AndroidManifest.xml:56:5-76
	android:name
		ADDED from src/main/AndroidManifest.xml:56:22-73
uses-permission#android.permission.READ_LOGS
ADDED from src/main/AndroidManifest.xml:57:5-68
	android:name
		ADDED from src/main/AndroidManifest.xml:57:22-65
uses-permission#android.permission.RECORD_AUDIO
ADDED from src/main/AndroidManifest.xml:58:5-71
	android:name
		ADDED from src/main/AndroidManifest.xml:58:22-68
uses-permission#com.google.android.gms.permission.ACTIVITY_RECOGNITION
ADDED from src/main/AndroidManifest.xml:59:5-94
	android:name
		ADDED from src/main/AndroidManifest.xml:59:22-91
uses-permission#android.permission.READ_CALENDAR
ADDED from src/main/AndroidManifest.xml:60:5-72
	android:name
		ADDED from src/main/AndroidManifest.xml:60:22-69
uses-permission#android.permission.WRITE_CALENDAR
ADDED from src/main/AndroidManifest.xml:61:5-73
	android:name
		ADDED from src/main/AndroidManifest.xml:61:22-70
uses-permission#android.permission.WRITE_SETTINGS
ADDED from src/main/AndroidManifest.xml:62:5-73
	android:name
		ADDED from src/main/AndroidManifest.xml:62:22-70
uses-permission#android.permission.READ_PHONE_STATE
ADDED from src/main/AndroidManifest.xml:63:5-75
	android:name
		ADDED from src/main/AndroidManifest.xml:63:22-72
uses-permission#android.permission.READ_EXTERNAL_STORAGE
ADDED from src/main/AndroidManifest.xml:64:5-80
	android:name
		ADDED from src/main/AndroidManifest.xml:64:22-77
uses-permission#com.google.android.providers.gsf.permission.READ_GSERVICES
ADDED from src/main/AndroidManifest.xml:65:5-98
	android:name
		ADDED from src/main/AndroidManifest.xml:65:22-95
permission#com.example.mapdemo.permission.MAPS_RECEIVE
ADDED from src/main/AndroidManifest.xml:67:5-69:47
	android:protectionLevel
		ADDED from src/main/AndroidManifest.xml:69:9-44
	android:name
		ADDED from src/main/AndroidManifest.xml:68:9-67
application
ADDED from src/main/AndroidManifest.xml:71:5-987:19
MERGED from [de.hdodenhof:circleimageview:1.2.1] AndroidManifest.xml:9:5-20
MERGED from [com.google.android.gms:play-services-fitness:7.3.0] AndroidManifest.xml:19:5-20
MERGED from [com.google.android.gms:play-services-location:7.3.0] AndroidManifest.xml:19:5-20
MERGED from [com.google.android.gms:play-services-maps:7.3.0] AndroidManifest.xml:19:5-20
MERGED from [com.google.android.gms:play-services-wearable:7.3.0] AndroidManifest.xml:19:5-20
MERGED from [com.google.android.gms:play-services-gcm:7.3.0] AndroidManifest.xml:19:5-20
MERGED from [com.google.android.gms:play-services-base:7.3.0] AndroidManifest.xml:20:5-24:19
MERGED from [AIS:payUMoneysdk:unspecified] AndroidManifest.xml:56:5-91:19
MERGED from [com.android.support:cardview-v7:23.1.1] AndroidManifest.xml:22:5-20
MERGED from [com.payu.magicretry:magicretry:1.0.3] AndroidManifest.xml:11:5-22:19
MERGED from [com.mixpanel.android:mixpanel-android:4.6.4] AndroidManifest.xml:44:5-124:19
MERGED from [com.crashlytics.sdk.android:crashlytics:2.5.6] AndroidManifest.xml:11:5-20
MERGED from [com.crashlytics.sdk.android:crashlytics-core:2.3.9] AndroidManifest.xml:11:5-20
MERGED from [com.crashlytics.sdk.android:answers:1.3.7] AndroidManifest.xml:11:5-20
MERGED from [com.crashlytics.sdk.android:beta:1.1.5] AndroidManifest.xml:11:5-20
MERGED from [io.fabric.sdk.android:fabric:1.3.11] AndroidManifest.xml:27:5-20
MERGED from [com.android.support:design:25.1.0] AndroidManifest.xml:25:5-20
MERGED from [com.android.support:appcompat-v7:25.1.0] AndroidManifest.xml:25:5-20
MERGED from [com.android.support:animated-vector-drawable:25.1.0] AndroidManifest.xml:22:5-20
MERGED from [com.android.support:support-vector-drawable:25.1.0] AndroidManifest.xml:23:5-20
MERGED from [com.android.support:transition:25.1.0] AndroidManifest.xml:22:5-20
MERGED from [com.android.support:support-v4:25.1.0] AndroidManifest.xml:25:5-20
MERGED from [com.android.support:support-fragment:25.1.0] AndroidManifest.xml:25:5-20
MERGED from [com.android.support:support-media-compat:25.1.0] AndroidManifest.xml:25:5-20
MERGED from [com.android.support:support-core-utils:25.1.0] AndroidManifest.xml:25:5-20
MERGED from [com.android.support:support-core-ui:25.1.0] AndroidManifest.xml:25:5-20
MERGED from [com.android.support:support-compat:25.1.0] AndroidManifest.xml:25:5-20
	android:label
		ADDED from src/main/AndroidManifest.xml:75:9-41
	android:windowSoftInputMode
		ADDED from [AIS:payUMoneysdk:unspecified] AndroidManifest.xml:58:9-48
	tools:ignore
		ADDED from [com.mixpanel.android:mixpanel-android:4.6.4] AndroidManifest.xml:44:18-44
	android:allowBackup
		ADDED from src/main/AndroidManifest.xml:73:9-35
	android:icon
		ADDED from src/main/AndroidManifest.xml:74:9-42
	android:theme
		ADDED from src/main/AndroidManifest.xml:76:9-40
	android:name
		ADDED from src/main/AndroidManifest.xml:72:9-65
activity#com.knwedu.ourschool.SigninActivity
ADDED from src/main/AndroidManifest.xml:78:9-91:20
	android:screenOrientation
		ADDED from src/main/AndroidManifest.xml:81:13-49
	android:launchMode
		ADDED from src/main/AndroidManifest.xml:80:13-44
	android:windowSoftInputMode
		ADDED from src/main/AndroidManifest.xml:82:13-70
	android:name
		ADDED from src/main/AndroidManifest.xml:79:13-63
activity#com.knwedu.ourschool.AisSignInActivity
ADDED from src/main/AndroidManifest.xml:93:9-105:20
	android:screenOrientation
		ADDED from src/main/AndroidManifest.xml:96:13-49
	android:launchMode
		ADDED from src/main/AndroidManifest.xml:95:13-44
	android:windowSoftInputMode
		ADDED from src/main/AndroidManifest.xml:97:13-70
	android:name
		ADDED from src/main/AndroidManifest.xml:94:13-66
activity#com.knwedu.ourschool.RegistrationActivity
ADDED from src/main/AndroidManifest.xml:109:9-113:76
	android:screenOrientation
		ADDED from src/main/AndroidManifest.xml:112:13-49
	android:launchMode
		ADDED from src/main/AndroidManifest.xml:111:13-44
	android:windowSoftInputMode
		ADDED from src/main/AndroidManifest.xml:113:13-73
	android:name
		ADDED from src/main/AndroidManifest.xml:110:13-69
activity#com.knwedu.ourschool.AddChildActivity
ADDED from src/main/AndroidManifest.xml:114:9-117:76
	android:screenOrientation
		ADDED from src/main/AndroidManifest.xml:116:13-49
	android:launchMode
		ADDED from src/main/AndroidManifest.xml:115:13-44
	android:windowSoftInputMode
		ADDED from src/main/AndroidManifest.xml:117:13-73
	android:name
		ADDED from src/main/AndroidManifest.xml:114:19-71
activity#com.knwedu.ourschool.TeacherAddSubject
ADDED from src/main/AndroidManifest.xml:118:9-121:76
	android:screenOrientation
		ADDED from src/main/AndroidManifest.xml:120:13-49
	android:launchMode
		ADDED from src/main/AndroidManifest.xml:119:13-44
	android:windowSoftInputMode
		ADDED from src/main/AndroidManifest.xml:121:13-73
	android:name
		ADDED from src/main/AndroidManifest.xml:118:19-72
activity#com.knwedu.ourschool.AisRegistrationActivity
ADDED from src/main/AndroidManifest.xml:123:9-126:76
	android:screenOrientation
		ADDED from src/main/AndroidManifest.xml:125:13-49
	android:launchMode
		ADDED from src/main/AndroidManifest.xml:124:13-44
	android:windowSoftInputMode
		ADDED from src/main/AndroidManifest.xml:126:13-73
	android:name
		ADDED from src/main/AndroidManifest.xml:123:19-78
activity#com.knwedu.ourschool.AimsRegistrationActivity
ADDED from src/main/AndroidManifest.xml:128:9-131:76
	android:screenOrientation
		ADDED from src/main/AndroidManifest.xml:130:13-49
	android:launchMode
		ADDED from src/main/AndroidManifest.xml:129:13-44
	android:windowSoftInputMode
		ADDED from src/main/AndroidManifest.xml:131:13-73
	android:name
		ADDED from src/main/AndroidManifest.xml:128:19-79
activity#com.knwedu.ourschool.SplashActivity
ADDED from src/main/AndroidManifest.xml:132:9-175:20
	android:screenOrientation
		ADDED from src/main/AndroidManifest.xml:136:13-49
	android:excludeFromRecents
		ADDED from src/main/AndroidManifest.xml:134:13-46
	android:launchMode
		ADDED from src/main/AndroidManifest.xml:135:13-43
	android:theme
		ADDED from src/main/AndroidManifest.xml:137:13-56
	android:name
		ADDED from src/main/AndroidManifest.xml:133:13-63
intent-filter#android.intent.action.MAIN+android.intent.category.LAUNCHER
ADDED from src/main/AndroidManifest.xml:143:13-147:29
	android:autoVerify
		ADDED from src/main/AndroidManifest.xml:143:28-53
action#android.intent.action.MAIN
ADDED from src/main/AndroidManifest.xml:144:17-69
	android:name
		ADDED from src/main/AndroidManifest.xml:144:25-66
category#android.intent.category.LAUNCHER
ADDED from src/main/AndroidManifest.xml:146:17-77
	android:name
		ADDED from src/main/AndroidManifest.xml:146:27-74
intent-filter#android.intent.action.VIEW+android.intent.category.BROWSABLE+android.intent.category.DEFAULT
ADDED from src/main/AndroidManifest.xml:149:13-159:29
action#android.intent.action.VIEW
ADDED from src/main/AndroidManifest.xml:150:17-69
	android:name
		ADDED from src/main/AndroidManifest.xml:150:25-66
category#android.intent.category.DEFAULT
ADDED from src/main/AndroidManifest.xml:152:17-76
	android:name
		ADDED from src/main/AndroidManifest.xml:152:27-73
category#android.intent.category.BROWSABLE
ADDED from src/main/AndroidManifest.xml:153:17-78
	android:name
		ADDED from src/main/AndroidManifest.xml:153:27-75
data
ADDED from src/main/AndroidManifest.xml:155:17-158:47
	android:host
		ADDED from src/main/AndroidManifest.xml:156:21-39
	android:scheme
		ADDED from src/main/AndroidManifest.xml:158:21-44
	android:pathPrefix
		ADDED from src/main/AndroidManifest.xml:157:21-43
activity#com.knwedu.ourschool.ParentMainActivity
ADDED from src/main/AndroidManifest.xml:176:9-180:73
	android:screenOrientation
		ADDED from src/main/AndroidManifest.xml:179:13-49
	android:launchMode
		ADDED from src/main/AndroidManifest.xml:178:13-44
	android:windowSoftInputMode
		ADDED from src/main/AndroidManifest.xml:180:13-70
	android:name
		ADDED from src/main/AndroidManifest.xml:177:13-67
activity#com.knwedu.ourschool.MainActivity
ADDED from src/main/AndroidManifest.xml:181:9-185:73
	android:screenOrientation
		ADDED from src/main/AndroidManifest.xml:184:13-49
	android:launchMode
		ADDED from src/main/AndroidManifest.xml:183:13-44
	android:windowSoftInputMode
		ADDED from src/main/AndroidManifest.xml:185:13-70
	android:name
		ADDED from src/main/AndroidManifest.xml:182:13-61
activity#com.knwedu.ourschool.TeacherMainActivity
ADDED from src/main/AndroidManifest.xml:186:9-190:73
	android:screenOrientation
		ADDED from src/main/AndroidManifest.xml:189:13-49
	android:launchMode
		ADDED from src/main/AndroidManifest.xml:188:13-44
	android:windowSoftInputMode
		ADDED from src/main/AndroidManifest.xml:190:13-70
	android:name
		ADDED from src/main/AndroidManifest.xml:187:13-68
activity#com.knwedu.ourschool.ChangePasswordActivity
ADDED from src/main/AndroidManifest.xml:191:9-195:73
	android:screenOrientation
		ADDED from src/main/AndroidManifest.xml:194:13-49
	android:launchMode
		ADDED from src/main/AndroidManifest.xml:193:13-44
	android:windowSoftInputMode
		ADDED from src/main/AndroidManifest.xml:195:13-70
	android:name
		ADDED from src/main/AndroidManifest.xml:192:13-71
activity#com.knwedu.ourschool.TeacherClassesSubjectsListActivity
ADDED from src/main/AndroidManifest.xml:196:9-200:73
	android:screenOrientation
		ADDED from src/main/AndroidManifest.xml:199:13-49
	android:launchMode
		ADDED from src/main/AndroidManifest.xml:198:13-44
	android:windowSoftInputMode
		ADDED from src/main/AndroidManifest.xml:200:13-70
	android:name
		ADDED from src/main/AndroidManifest.xml:197:13-83
activity#com.knwedu.ourschool.TeacherStudentListActivity
ADDED from src/main/AndroidManifest.xml:201:9-205:73
	android:screenOrientation
		ADDED from src/main/AndroidManifest.xml:204:13-49
	android:launchMode
		ADDED from src/main/AndroidManifest.xml:203:13-44
	android:windowSoftInputMode
		ADDED from src/main/AndroidManifest.xml:205:13-70
	android:name
		ADDED from src/main/AndroidManifest.xml:202:13-75
activity#com.knwedu.ourschool.ShowAttachmentActivity
ADDED from src/main/AndroidManifest.xml:207:9-211:73
	android:screenOrientation
		ADDED from src/main/AndroidManifest.xml:210:13-49
	android:launchMode
		ADDED from src/main/AndroidManifest.xml:209:13-44
	android:windowSoftInputMode
		ADDED from src/main/AndroidManifest.xml:211:13-70
	android:name
		ADDED from src/main/AndroidManifest.xml:208:13-71
activity#com.knwedu.ourschool.TeacherEditProfileActivity
ADDED from src/main/AndroidManifest.xml:212:9-216:73
	android:screenOrientation
		ADDED from src/main/AndroidManifest.xml:215:13-49
	android:launchMode
		ADDED from src/main/AndroidManifest.xml:214:13-44
	android:windowSoftInputMode
		ADDED from src/main/AndroidManifest.xml:216:13-70
	android:name
		ADDED from src/main/AndroidManifest.xml:213:13-75
activity#com.knwedu.ourschool.ParentEditProfileActivity
ADDED from src/main/AndroidManifest.xml:217:9-221:73
	android:screenOrientation
		ADDED from src/main/AndroidManifest.xml:220:13-49
	android:launchMode
		ADDED from src/main/AndroidManifest.xml:219:13-44
	android:windowSoftInputMode
		ADDED from src/main/AndroidManifest.xml:221:13-70
	android:name
		ADDED from src/main/AndroidManifest.xml:218:13-74
activity#com.knwedu.ourschool.BlogActivity
ADDED from src/main/AndroidManifest.xml:222:9-226:73
	android:screenOrientation
		ADDED from src/main/AndroidManifest.xml:225:13-49
	android:launchMode
		ADDED from src/main/AndroidManifest.xml:224:13-44
	android:windowSoftInputMode
		ADDED from src/main/AndroidManifest.xml:226:13-70
	android:name
		ADDED from src/main/AndroidManifest.xml:223:13-61
activity#com.knwedu.ourschool.StatusActivity
ADDED from src/main/AndroidManifest.xml:227:9-231:73
	android:screenOrientation
		ADDED from src/main/AndroidManifest.xml:230:13-49
	android:launchMode
		ADDED from src/main/AndroidManifest.xml:229:13-44
	android:windowSoftInputMode
		ADDED from src/main/AndroidManifest.xml:231:13-70
	android:name
		ADDED from src/main/AndroidManifest.xml:228:13-63
activity#com.knwedu.ourschool.PaymentWebViewActivity
ADDED from src/main/AndroidManifest.xml:232:9-236:73
	android:screenOrientation
		ADDED from src/main/AndroidManifest.xml:235:13-49
	android:launchMode
		ADDED from src/main/AndroidManifest.xml:234:13-44
	android:windowSoftInputMode
		ADDED from src/main/AndroidManifest.xml:236:13-70
	android:name
		ADDED from src/main/AndroidManifest.xml:233:13-71
activity#com.knwedu.ourschool.AssignmentActivity
ADDED from src/main/AndroidManifest.xml:237:9-241:73
	android:screenOrientation
		ADDED from src/main/AndroidManifest.xml:240:13-49
	android:launchMode
		ADDED from src/main/AndroidManifest.xml:239:13-44
	android:windowSoftInputMode
		ADDED from src/main/AndroidManifest.xml:241:13-70
	android:name
		ADDED from src/main/AndroidManifest.xml:238:13-67
activity#com.knwedu.ourschool.ActivitiesActivity
ADDED from src/main/AndroidManifest.xml:242:9-246:73
	android:screenOrientation
		ADDED from src/main/AndroidManifest.xml:245:13-49
	android:launchMode
		ADDED from src/main/AndroidManifest.xml:244:13-44
	android:windowSoftInputMode
		ADDED from src/main/AndroidManifest.xml:246:13-70
	android:name
		ADDED from src/main/AndroidManifest.xml:243:13-67
activity#com.knwedu.ourschool.TeacherClassWorkListActivity
ADDED from src/main/AndroidManifest.xml:247:9-251:73
	android:screenOrientation
		ADDED from src/main/AndroidManifest.xml:250:13-49
	android:launchMode
		ADDED from src/main/AndroidManifest.xml:249:13-44
	android:windowSoftInputMode
		ADDED from src/main/AndroidManifest.xml:251:13-70
	android:name
		ADDED from src/main/AndroidManifest.xml:248:13-77
activity#com.knwedu.ourschool.TeacherAttendanceListActivity
ADDED from src/main/AndroidManifest.xml:252:9-256:73
	android:screenOrientation
		ADDED from src/main/AndroidManifest.xml:255:13-49
	android:launchMode
		ADDED from src/main/AndroidManifest.xml:254:13-44
	android:windowSoftInputMode
		ADDED from src/main/AndroidManifest.xml:256:13-70
	android:name
		ADDED from src/main/AndroidManifest.xml:253:13-78
activity#com.knwedu.ourschool.TeacherClassWorkActivity
ADDED from src/main/AndroidManifest.xml:257:9-261:76
	android:screenOrientation
		ADDED from src/main/AndroidManifest.xml:260:13-49
	android:launchMode
		ADDED from src/main/AndroidManifest.xml:259:13-44
	android:windowSoftInputMode
		ADDED from src/main/AndroidManifest.xml:261:13-73
	android:name
		ADDED from src/main/AndroidManifest.xml:258:13-73
activity#com.knwedu.ourschool.TeacherAnnouncementActivity
ADDED from src/main/AndroidManifest.xml:262:9-266:76
	android:screenOrientation
		ADDED from src/main/AndroidManifest.xml:265:13-49
	android:launchMode
		ADDED from src/main/AndroidManifest.xml:264:13-44
	android:windowSoftInputMode
		ADDED from src/main/AndroidManifest.xml:266:13-73
	android:name
		ADDED from src/main/AndroidManifest.xml:263:13-76
activity#com.knwedu.ourschool.ClassWorkActivity
ADDED from src/main/AndroidManifest.xml:267:9-271:73
	android:screenOrientation
		ADDED from src/main/AndroidManifest.xml:270:13-49
	android:launchMode
		ADDED from src/main/AndroidManifest.xml:269:13-44
	android:windowSoftInputMode
		ADDED from src/main/AndroidManifest.xml:271:13-70
	android:name
		ADDED from src/main/AndroidManifest.xml:268:13-66
activity#com.knwedu.ourschool.AnnouncementActivity
ADDED from src/main/AndroidManifest.xml:272:9-276:73
	android:screenOrientation
		ADDED from src/main/AndroidManifest.xml:275:13-49
	android:launchMode
		ADDED from src/main/AndroidManifest.xml:274:13-44
	android:windowSoftInputMode
		ADDED from src/main/AndroidManifest.xml:276:13-70
	android:name
		ADDED from src/main/AndroidManifest.xml:273:13-69
activity#com.knwedu.ourschool.TeacherAnnouncementListActivity
ADDED from src/main/AndroidManifest.xml:285:9-289:73
	android:screenOrientation
		ADDED from src/main/AndroidManifest.xml:288:13-49
	android:launchMode
		ADDED from src/main/AndroidManifest.xml:287:13-44
	android:windowSoftInputMode
		ADDED from src/main/AndroidManifest.xml:289:13-70
	android:name
		ADDED from src/main/AndroidManifest.xml:286:13-80
activity#com.knwedu.ourschool.TeacherAssignmentAddActivity
ADDED from src/main/AndroidManifest.xml:290:9-294:76
	android:screenOrientation
		ADDED from src/main/AndroidManifest.xml:293:13-49
	android:launchMode
		ADDED from src/main/AndroidManifest.xml:292:13-44
	android:windowSoftInputMode
		ADDED from src/main/AndroidManifest.xml:294:13-73
	android:name
		ADDED from src/main/AndroidManifest.xml:291:13-77
activity#com.knwedu.ourschool.TeacherAssignmentDetailActivity
ADDED from src/main/AndroidManifest.xml:295:9-299:73
	android:screenOrientation
		ADDED from src/main/AndroidManifest.xml:298:13-49
	android:launchMode
		ADDED from src/main/AndroidManifest.xml:297:13-44
	android:windowSoftInputMode
		ADDED from src/main/AndroidManifest.xml:299:13-70
	android:name
		ADDED from src/main/AndroidManifest.xml:296:13-80
activity#com.knwedu.ourschool.TeacherAssignmentResultsActivity
ADDED from src/main/AndroidManifest.xml:300:9-304:76
	android:screenOrientation
		ADDED from src/main/AndroidManifest.xml:303:13-49
	android:launchMode
		ADDED from src/main/AndroidManifest.xml:302:13-44
	android:windowSoftInputMode
		ADDED from src/main/AndroidManifest.xml:304:13-73
	android:name
		ADDED from src/main/AndroidManifest.xml:301:13-81
activity#com.knwedu.ourschool.TeacherActivityAddActivity
ADDED from src/main/AndroidManifest.xml:305:9-309:76
	android:screenOrientation
		ADDED from src/main/AndroidManifest.xml:308:13-49
	android:launchMode
		ADDED from src/main/AndroidManifest.xml:307:13-44
	android:windowSoftInputMode
		ADDED from src/main/AndroidManifest.xml:309:13-73
	android:name
		ADDED from src/main/AndroidManifest.xml:306:13-75
activity#com.knwedu.ourschool.TeacherActivityDetailActivity
ADDED from src/main/AndroidManifest.xml:310:9-314:73
	android:screenOrientation
		ADDED from src/main/AndroidManifest.xml:313:13-49
	android:launchMode
		ADDED from src/main/AndroidManifest.xml:312:13-44
	android:windowSoftInputMode
		ADDED from src/main/AndroidManifest.xml:314:13-70
	android:name
		ADDED from src/main/AndroidManifest.xml:311:13-78
activity#com.knwedu.ourschool.TeacherActivityResultsActivity
ADDED from src/main/AndroidManifest.xml:315:9-319:76
	android:screenOrientation
		ADDED from src/main/AndroidManifest.xml:318:13-49
	android:launchMode
		ADDED from src/main/AndroidManifest.xml:317:13-44
	android:windowSoftInputMode
		ADDED from src/main/AndroidManifest.xml:319:13-73
	android:name
		ADDED from src/main/AndroidManifest.xml:316:13-79
activity#com.knwedu.ourschool.TeacherTestAddActivity
ADDED from src/main/AndroidManifest.xml:320:9-324:76
	android:screenOrientation
		ADDED from src/main/AndroidManifest.xml:323:13-49
	android:launchMode
		ADDED from src/main/AndroidManifest.xml:322:13-44
	android:windowSoftInputMode
		ADDED from src/main/AndroidManifest.xml:324:13-73
	android:name
		ADDED from src/main/AndroidManifest.xml:321:13-71
activity#com.knwedu.ourschool.TeacherTestDetailActivity
ADDED from src/main/AndroidManifest.xml:325:9-329:73
	android:screenOrientation
		ADDED from src/main/AndroidManifest.xml:328:13-49
	android:launchMode
		ADDED from src/main/AndroidManifest.xml:327:13-44
	android:windowSoftInputMode
		ADDED from src/main/AndroidManifest.xml:329:13-70
	android:name
		ADDED from src/main/AndroidManifest.xml:326:13-74
activity#com.knwedu.ourschool.TeacherTestResultsActivity
ADDED from src/main/AndroidManifest.xml:330:9-334:76
	android:screenOrientation
		ADDED from src/main/AndroidManifest.xml:333:13-49
	android:launchMode
		ADDED from src/main/AndroidManifest.xml:332:13-44
	android:windowSoftInputMode
		ADDED from src/main/AndroidManifest.xml:334:13-73
	android:name
		ADDED from src/main/AndroidManifest.xml:331:13-75
activity#com.knwedu.ourschool.TestActivity
ADDED from src/main/AndroidManifest.xml:335:9-339:73
	android:screenOrientation
		ADDED from src/main/AndroidManifest.xml:338:13-49
	android:launchMode
		ADDED from src/main/AndroidManifest.xml:337:13-44
	android:windowSoftInputMode
		ADDED from src/main/AndroidManifest.xml:339:13-70
	android:name
		ADDED from src/main/AndroidManifest.xml:336:13-61
activity#com.knwedu.ourschool.TeacherAssignmentListActivity
ADDED from src/main/AndroidManifest.xml:340:9-344:73
	android:screenOrientation
		ADDED from src/main/AndroidManifest.xml:343:13-49
	android:launchMode
		ADDED from src/main/AndroidManifest.xml:342:13-44
	android:windowSoftInputMode
		ADDED from src/main/AndroidManifest.xml:344:13-70
	android:name
		ADDED from src/main/AndroidManifest.xml:341:13-78
activity#com.knwedu.ourschool.TeacherActivityListActivity
ADDED from src/main/AndroidManifest.xml:345:9-349:73
	android:screenOrientation
		ADDED from src/main/AndroidManifest.xml:348:13-49
	android:launchMode
		ADDED from src/main/AndroidManifest.xml:347:13-44
	android:windowSoftInputMode
		ADDED from src/main/AndroidManifest.xml:349:13-70
	android:name
		ADDED from src/main/AndroidManifest.xml:346:13-76
activity#com.knwedu.ourschool.TeacherTestListActivity
ADDED from src/main/AndroidManifest.xml:350:9-354:73
	android:screenOrientation
		ADDED from src/main/AndroidManifest.xml:353:13-49
	android:launchMode
		ADDED from src/main/AndroidManifest.xml:352:13-44
	android:windowSoftInputMode